<?xml version="1.0" encoding="UTF-8"?>
<!-- Generated by org.testng.reporters.JUnitReportReporter -->
<testsuite skipped="0" hostname="DESKTOP-FSSFIQL" name="com.extramarks.test.BrowserStack" tests="1" failures="0" timestamp="14 Sep 2020 17:20:07 GMT" time="19.349" errors="0">
  <testcase name="OpenBrowser" time="19.349" classname="com.extramarks.test.BrowserStack"/>
</testsuite> <!-- com.extramarks.test.BrowserStack -->
